<?xml version="1.0" encoding="UTF-8"?>
<!-- Generated by org.testng.reporters.JUnitReportReporter -->
<testsuite skipped="0" hostname="DESKTOP-RSOHUVE" name="Framework.E2Eproject.Login" tests="2" failures="0" timestamp="2021-06-07T09:08:21 IST" time="23.781" errors="0">
  <testcase name="loginTest" time="19.882" classname="Framework.E2Eproject.Login"/>
  <system-out/>
  <testcase name="loginTest" time="3.899" classname="Framework.E2Eproject.Login"/>
  <system-out/>
</testsuite> <!-- Framework.E2Eproject.Login -->
